running egg_info
creating build/rcup_simulations/rcup_simulations.egg-info
writing build/rcup_simulations/rcup_simulations.egg-info/PKG-INFO
writing dependency_links to build/rcup_simulations/rcup_simulations.egg-info/dependency_links.txt
writing entry points to build/rcup_simulations/rcup_simulations.egg-info/entry_points.txt
writing requirements to build/rcup_simulations/rcup_simulations.egg-info/requires.txt
writing top-level names to build/rcup_simulations/rcup_simulations.egg-info/top_level.txt
writing manifest file 'build/rcup_simulations/rcup_simulations.egg-info/SOURCES.txt'
reading manifest file 'build/rcup_simulations/rcup_simulations.egg-info/SOURCES.txt'
writing manifest file 'build/rcup_simulations/rcup_simulations.egg-info/SOURCES.txt'
running build
running build_py
creating /home/sanjay/ros2_workspaces/rcup_simul/src/rcup_simulations/build/rcup_simulations/build
creating /home/sanjay/ros2_workspaces/rcup_simul/src/rcup_simulations/build/rcup_simulations/build/lib
creating /home/sanjay/ros2_workspaces/rcup_simul/src/rcup_simulations/build/rcup_simulations/build/lib/rcup_simulations
copying rcup_simulations/__init__.py -> /home/sanjay/ros2_workspaces/rcup_simul/src/rcup_simulations/build/rcup_simulations/build/lib/rcup_simulations
running install
running install_lib
creating /home/sanjay/ros2_workspaces/rcup_simul/src/rcup_simulations/install/rcup_simulations/lib/python3.10/site-packages/rcup_simulations
copying /home/sanjay/ros2_workspaces/rcup_simul/src/rcup_simulations/build/rcup_simulations/build/lib/rcup_simulations/__init__.py -> /home/sanjay/ros2_workspaces/rcup_simul/src/rcup_simulations/install/rcup_simulations/lib/python3.10/site-packages/rcup_simulations
byte-compiling /home/sanjay/ros2_workspaces/rcup_simul/src/rcup_simulations/install/rcup_simulations/lib/python3.10/site-packages/rcup_simulations/__init__.py to __init__.cpython-310.pyc
running install_data
creating /home/sanjay/ros2_workspaces/rcup_simul/src/rcup_simulations/install/rcup_simulations/share/ament_index
creating /home/sanjay/ros2_workspaces/rcup_simul/src/rcup_simulations/install/rcup_simulations/share/ament_index/resource_index
creating /home/sanjay/ros2_workspaces/rcup_simul/src/rcup_simulations/install/rcup_simulations/share/ament_index/resource_index/packages
copying resource/rcup_simulations -> /home/sanjay/ros2_workspaces/rcup_simul/src/rcup_simulations/install/rcup_simulations/share/ament_index/resource_index/packages
copying package.xml -> /home/sanjay/ros2_workspaces/rcup_simul/src/rcup_simulations/install/rcup_simulations/share/rcup_simulations
creating /home/sanjay/ros2_workspaces/rcup_simul/src/rcup_simulations/install/rcup_simulations/share/rcup_simulations/launch
copying launch/localisation_amcl.launch.py -> /home/sanjay/ros2_workspaces/rcup_simul/src/rcup_simulations/install/rcup_simulations/share/rcup_simulations/launch
copying launch/nav2.launch.py -> /home/sanjay/ros2_workspaces/rcup_simul/src/rcup_simulations/install/rcup_simulations/share/rcup_simulations/launch
copying launch/test.launch.py -> /home/sanjay/ros2_workspaces/rcup_simul/src/rcup_simulations/install/rcup_simulations/share/rcup_simulations/launch
copying launch/gazebo.launch.py -> /home/sanjay/ros2_workspaces/rcup_simul/src/rcup_simulations/install/rcup_simulations/share/rcup_simulations/launch
copying launch/slam.launch.py -> /home/sanjay/ros2_workspaces/rcup_simul/src/rcup_simulations/install/rcup_simulations/share/rcup_simulations/launch
copying launch/rviz.launch.py -> /home/sanjay/ros2_workspaces/rcup_simul/src/rcup_simulations/install/rcup_simulations/share/rcup_simulations/launch
creating /home/sanjay/ros2_workspaces/rcup_simul/src/rcup_simulations/install/rcup_simulations/share/rcup_simulations/urdf
copying urdf/ArmPlate.urdf -> /home/sanjay/ros2_workspaces/rcup_simul/src/rcup_simulations/install/rcup_simulations/share/rcup_simulations/urdf
creating /home/sanjay/ros2_workspaces/rcup_simul/src/rcup_simulations/install/rcup_simulations/share/rcup_simulations/meshes
copying meshes/LIDAR_1-v1.stl -> /home/sanjay/ros2_workspaces/rcup_simul/src/rcup_simulations/install/rcup_simulations/share/rcup_simulations/meshes
copying meshes/AX_12A_03_1.stl -> /home/sanjay/ros2_workspaces/rcup_simul/src/rcup_simulations/install/rcup_simulations/share/rcup_simulations/meshes
copying meshes/LIDAR_2-v1.stl -> /home/sanjay/ros2_workspaces/rcup_simul/src/rcup_simulations/install/rcup_simulations/share/rcup_simulations/meshes
copying meshes/Component6.stl -> /home/sanjay/ros2_workspaces/rcup_simul/src/rcup_simulations/install/rcup_simulations/share/rcup_simulations/meshes
copying meshes/ZED2i-v1.stl -> /home/sanjay/ros2_workspaces/rcup_simul/src/rcup_simulations/install/rcup_simulations/share/rcup_simulations/meshes
copying meshes/AX_12A_02_4.stl -> /home/sanjay/ros2_workspaces/rcup_simul/src/rcup_simulations/install/rcup_simulations/share/rcup_simulations/meshes
copying meshes/Component12.stl -> /home/sanjay/ros2_workspaces/rcup_simul/src/rcup_simulations/install/rcup_simulations/share/rcup_simulations/meshes
copying meshes/link24.stl -> /home/sanjay/ros2_workspaces/rcup_simul/src/rcup_simulations/install/rcup_simulations/share/rcup_simulations/meshes
copying meshes/Component1_1.stl -> /home/sanjay/ros2_workspaces/rcup_simul/src/rcup_simulations/install/rcup_simulations/share/rcup_simulations/meshes
copying meshes/STEPPER_MOTOR.stl -> /home/sanjay/ros2_workspaces/rcup_simul/src/rcup_simulations/install/rcup_simulations/share/rcup_simulations/meshes
copying meshes/Wheel_motor_2.stl -> /home/sanjay/ros2_workspaces/rcup_simul/src/rcup_simulations/install/rcup_simulations/share/rcup_simulations/meshes
copying meshes/Nema34_bracket.stl -> /home/sanjay/ros2_workspaces/rcup_simul/src/rcup_simulations/install/rcup_simulations/share/rcup_simulations/meshes
copying meshes/Wheel_motor_3.stl -> /home/sanjay/ros2_workspaces/rcup_simul/src/rcup_simulations/install/rcup_simulations/share/rcup_simulations/meshes
copying meshes/AX_12A_01_4.stl -> /home/sanjay/ros2_workspaces/rcup_simul/src/rcup_simulations/install/rcup_simulations/share/rcup_simulations/meshes
copying meshes/Component56.stl -> /home/sanjay/ros2_workspaces/rcup_simul/src/rcup_simulations/install/rcup_simulations/share/rcup_simulations/meshes
copying meshes/lidarmount-v1.stl -> /home/sanjay/ros2_workspaces/rcup_simul/src/rcup_simulations/install/rcup_simulations/share/rcup_simulations/meshes
copying meshes/AX_12A_01_1.stl -> /home/sanjay/ros2_workspaces/rcup_simul/src/rcup_simulations/install/rcup_simulations/share/rcup_simulations/meshes
copying meshes/AX_12A_04_1.stl -> /home/sanjay/ros2_workspaces/rcup_simul/src/rcup_simulations/install/rcup_simulations/share/rcup_simulations/meshes
copying meshes/AX_12A_02_2.stl -> /home/sanjay/ros2_workspaces/rcup_simul/src/rcup_simulations/install/rcup_simulations/share/rcup_simulations/meshes
copying meshes/Wheel_motor_1.stl -> /home/sanjay/ros2_workspaces/rcup_simul/src/rcup_simulations/install/rcup_simulations/share/rcup_simulations/meshes
copying meshes/Component2.stl -> /home/sanjay/ros2_workspaces/rcup_simul/src/rcup_simulations/install/rcup_simulations/share/rcup_simulations/meshes
copying meshes/Component53.stl -> /home/sanjay/ros2_workspaces/rcup_simul/src/rcup_simulations/install/rcup_simulations/share/rcup_simulations/meshes
copying meshes/AX_12A_01_2.stl -> /home/sanjay/ros2_workspaces/rcup_simul/src/rcup_simulations/install/rcup_simulations/share/rcup_simulations/meshes
copying meshes/Component5.stl -> /home/sanjay/ros2_workspaces/rcup_simul/src/rcup_simulations/install/rcup_simulations/share/rcup_simulations/meshes
copying meshes/AX_12A_04_2.stl -> /home/sanjay/ros2_workspaces/rcup_simul/src/rcup_simulations/install/rcup_simulations/share/rcup_simulations/meshes
copying meshes/Component20.stl -> /home/sanjay/ros2_workspaces/rcup_simul/src/rcup_simulations/install/rcup_simulations/share/rcup_simulations/meshes
copying meshes/AX_12A_01_3.stl -> /home/sanjay/ros2_workspaces/rcup_simul/src/rcup_simulations/install/rcup_simulations/share/rcup_simulations/meshes
copying meshes/soft_finger_2.stl -> /home/sanjay/ros2_workspaces/rcup_simul/src/rcup_simulations/install/rcup_simulations/share/rcup_simulations/meshes
copying meshes/link23.stl -> /home/sanjay/ros2_workspaces/rcup_simul/src/rcup_simulations/install/rcup_simulations/share/rcup_simulations/meshes
copying meshes/AX_12A_04_4.stl -> /home/sanjay/ros2_workspaces/rcup_simul/src/rcup_simulations/install/rcup_simulations/share/rcup_simulations/meshes
copying meshes/Soft_finger_1.stl -> /home/sanjay/ros2_workspaces/rcup_simul/src/rcup_simulations/install/rcup_simulations/share/rcup_simulations/meshes
copying meshes/Spur_Gear_motor.stl -> /home/sanjay/ros2_workspaces/rcup_simul/src/rcup_simulations/install/rcup_simulations/share/rcup_simulations/meshes
copying meshes/AX_12A_03_4.stl -> /home/sanjay/ros2_workspaces/rcup_simul/src/rcup_simulations/install/rcup_simulations/share/rcup_simulations/meshes
copying meshes/Base_link.stl -> /home/sanjay/ros2_workspaces/rcup_simul/src/rcup_simulations/install/rcup_simulations/share/rcup_simulations/meshes
copying meshes/AX_12A_03_2.stl -> /home/sanjay/ros2_workspaces/rcup_simul/src/rcup_simulations/install/rcup_simulations/share/rcup_simulations/meshes
copying meshes/Component7.stl -> /home/sanjay/ros2_workspaces/rcup_simul/src/rcup_simulations/install/rcup_simulations/share/rcup_simulations/meshes
copying meshes/AX_12A_02_3.stl -> /home/sanjay/ros2_workspaces/rcup_simul/src/rcup_simulations/install/rcup_simulations/share/rcup_simulations/meshes
copying meshes/AX_12A_03_3.stl -> /home/sanjay/ros2_workspaces/rcup_simul/src/rcup_simulations/install/rcup_simulations/share/rcup_simulations/meshes
copying meshes/Nema_34_v3.stl -> /home/sanjay/ros2_workspaces/rcup_simul/src/rcup_simulations/install/rcup_simulations/share/rcup_simulations/meshes
copying meshes/AX_12A_02_1.stl -> /home/sanjay/ros2_workspaces/rcup_simul/src/rcup_simulations/install/rcup_simulations/share/rcup_simulations/meshes
copying meshes/base_final-v3.stl -> /home/sanjay/ros2_workspaces/rcup_simul/src/rcup_simulations/install/rcup_simulations/share/rcup_simulations/meshes
copying meshes/Universal_hub.stl -> /home/sanjay/ros2_workspaces/rcup_simul/src/rcup_simulations/install/rcup_simulations/share/rcup_simulations/meshes
copying meshes/firstDOF_final.stl -> /home/sanjay/ros2_workspaces/rcup_simul/src/rcup_simulations/install/rcup_simulations/share/rcup_simulations/meshes
copying meshes/Coupler_meccanum_V2.stl -> /home/sanjay/ros2_workspaces/rcup_simul/src/rcup_simulations/install/rcup_simulations/share/rcup_simulations/meshes
copying meshes/gcomp1.stl -> /home/sanjay/ros2_workspaces/rcup_simul/src/rcup_simulations/install/rcup_simulations/share/rcup_simulations/meshes
copying meshes/Wheel_motor_4.stl -> /home/sanjay/ros2_workspaces/rcup_simul/src/rcup_simulations/install/rcup_simulations/share/rcup_simulations/meshes
copying meshes/Spur_Gear_driven.stl -> /home/sanjay/ros2_workspaces/rcup_simul/src/rcup_simulations/install/rcup_simulations/share/rcup_simulations/meshes
copying meshes/Component55.stl -> /home/sanjay/ros2_workspaces/rcup_simul/src/rcup_simulations/install/rcup_simulations/share/rcup_simulations/meshes
copying meshes/AX_12A_04_3.stl -> /home/sanjay/ros2_workspaces/rcup_simul/src/rcup_simulations/install/rcup_simulations/share/rcup_simulations/meshes
copying meshes/Component54.stl -> /home/sanjay/ros2_workspaces/rcup_simul/src/rcup_simulations/install/rcup_simulations/share/rcup_simulations/meshes
creating /home/sanjay/ros2_workspaces/rcup_simul/src/rcup_simulations/install/rcup_simulations/share/rcup_simulations/config
copying config/slam_rviz_config.rviz -> /home/sanjay/ros2_workspaces/rcup_simul/src/rcup_simulations/install/rcup_simulations/share/rcup_simulations/config
copying config/mecanum_controllers.yaml -> /home/sanjay/ros2_workspaces/rcup_simul/src/rcup_simulations/install/rcup_simulations/share/rcup_simulations/config
copying config/mapper_params_online_async.yaml -> /home/sanjay/ros2_workspaces/rcup_simul/src/rcup_simulations/install/rcup_simulations/share/rcup_simulations/config
copying config/nav2_rviz_config.rviz -> /home/sanjay/ros2_workspaces/rcup_simul/src/rcup_simulations/install/rcup_simulations/share/rcup_simulations/config
copying config/nav2_params.yaml -> /home/sanjay/ros2_workspaces/rcup_simul/src/rcup_simulations/install/rcup_simulations/share/rcup_simulations/config
copying config/diff_drive_controllers.yaml -> /home/sanjay/ros2_workspaces/rcup_simul/src/rcup_simulations/install/rcup_simulations/share/rcup_simulations/config
copying config/im_so_doneee.rviz -> /home/sanjay/ros2_workspaces/rcup_simul/src/rcup_simulations/install/rcup_simulations/share/rcup_simulations/config
copying config/localisation_rviz_config.rviz -> /home/sanjay/ros2_workspaces/rcup_simul/src/rcup_simulations/install/rcup_simulations/share/rcup_simulations/config
creating /home/sanjay/ros2_workspaces/rcup_simul/src/rcup_simulations/install/rcup_simulations/share/rcup_simulations/worlds
copying worlds/turtlebot3_dqn_stage4.world -> /home/sanjay/ros2_workspaces/rcup_simul/src/rcup_simulations/install/rcup_simulations/share/rcup_simulations/worlds
copying worlds/turtlebot3_dqn_stage3.world -> /home/sanjay/ros2_workspaces/rcup_simul/src/rcup_simulations/install/rcup_simulations/share/rcup_simulations/worlds
copying worlds/empty_world.world -> /home/sanjay/ros2_workspaces/rcup_simul/src/rcup_simulations/install/rcup_simulations/share/rcup_simulations/worlds
copying worlds/turtlebot3_world.world -> /home/sanjay/ros2_workspaces/rcup_simul/src/rcup_simulations/install/rcup_simulations/share/rcup_simulations/worlds
copying worlds/turtlebot3_dqn_stage1.world -> /home/sanjay/ros2_workspaces/rcup_simul/src/rcup_simulations/install/rcup_simulations/share/rcup_simulations/worlds
copying worlds/rcup_custom_arena_fixed_table.world -> /home/sanjay/ros2_workspaces/rcup_simul/src/rcup_simulations/install/rcup_simulations/share/rcup_simulations/worlds
copying worlds/turtlebot3_house.world -> /home/sanjay/ros2_workspaces/rcup_simul/src/rcup_simulations/install/rcup_simulations/share/rcup_simulations/worlds
copying worlds/turtlebot3_dqn_stage2.world -> /home/sanjay/ros2_workspaces/rcup_simul/src/rcup_simulations/install/rcup_simulations/share/rcup_simulations/worlds
copying worlds/turtlebot3_autorace_2020.world -> /home/sanjay/ros2_workspaces/rcup_simul/src/rcup_simulations/install/rcup_simulations/share/rcup_simulations/worlds
creating /home/sanjay/ros2_workspaces/rcup_simul/src/rcup_simulations/install/rcup_simulations/share/rcup_simulations/textures
running install_egg_info
Copying build/rcup_simulations/rcup_simulations.egg-info to /home/sanjay/ros2_workspaces/rcup_simul/src/rcup_simulations/install/rcup_simulations/lib/python3.10/site-packages/rcup_simulations-0.0.0-py3.10.egg-info
running install_scripts
writing list of installed files to '/home/sanjay/ros2_workspaces/rcup_simul/src/rcup_simulations/build/rcup_simulations/install.log'
