[0.378s] Invoking command in '/home/sanjay/ros2_workspaces/rcup_simul/src/rcup_simulations': PYTHONPATH=/home/sanjay/ros2_workspaces/rcup_simul/src/rcup_simulations/build/rcup_simulations/prefix_override:/usr/lib/python3/dist-packages/colcon_core/task/python/colcon_distutils_commands:/home/sanjay/ros2_workspaces/rcup_simul/src/rcup_simulations/install/rcup_simulations/lib/python3.10/site-packages:${PYTHONPATH} /usr/bin/python3 -W ignore:setup.py install is deprecated -W ignore:easy_install command is deprecated setup.py egg_info --egg-base build/rcup_simulations build --build-base /home/sanjay/ros2_workspaces/rcup_simul/src/rcup_simulations/build/rcup_simulations/build install --record /home/sanjay/ros2_workspaces/rcup_simul/src/rcup_simulations/build/rcup_simulations/install.log --single-version-externally-managed install_data
[0.535s] running egg_info
[0.536s] creating build/rcup_simulations/rcup_simulations.egg-info
[0.536s] writing build/rcup_simulations/rcup_simulations.egg-info/PKG-INFO
[0.536s] writing dependency_links to build/rcup_simulations/rcup_simulations.egg-info/dependency_links.txt
[0.536s] writing entry points to build/rcup_simulations/rcup_simulations.egg-info/entry_points.txt
[0.536s] writing requirements to build/rcup_simulations/rcup_simulations.egg-info/requires.txt
[0.536s] writing top-level names to build/rcup_simulations/rcup_simulations.egg-info/top_level.txt
[0.537s] writing manifest file 'build/rcup_simulations/rcup_simulations.egg-info/SOURCES.txt'
[0.539s] reading manifest file 'build/rcup_simulations/rcup_simulations.egg-info/SOURCES.txt'
[0.539s] writing manifest file 'build/rcup_simulations/rcup_simulations.egg-info/SOURCES.txt'
[0.539s] running build
[0.539s] running build_py
[0.539s] creating /home/sanjay/ros2_workspaces/rcup_simul/src/rcup_simulations/build/rcup_simulations/build
[0.540s] creating /home/sanjay/ros2_workspaces/rcup_simul/src/rcup_simulations/build/rcup_simulations/build/lib
[0.540s] creating /home/sanjay/ros2_workspaces/rcup_simul/src/rcup_simulations/build/rcup_simulations/build/lib/rcup_simulations
[0.540s] copying rcup_simulations/__init__.py -> /home/sanjay/ros2_workspaces/rcup_simul/src/rcup_simulations/build/rcup_simulations/build/lib/rcup_simulations
[0.540s] running install
[0.540s] running install_lib
[0.540s] creating /home/sanjay/ros2_workspaces/rcup_simul/src/rcup_simulations/install/rcup_simulations/lib/python3.10/site-packages/rcup_simulations
[0.540s] copying /home/sanjay/ros2_workspaces/rcup_simul/src/rcup_simulations/build/rcup_simulations/build/lib/rcup_simulations/__init__.py -> /home/sanjay/ros2_workspaces/rcup_simul/src/rcup_simulations/install/rcup_simulations/lib/python3.10/site-packages/rcup_simulations
[0.541s] byte-compiling /home/sanjay/ros2_workspaces/rcup_simul/src/rcup_simulations/install/rcup_simulations/lib/python3.10/site-packages/rcup_simulations/__init__.py to __init__.cpython-310.pyc
[0.541s] running install_data
[0.541s] creating /home/sanjay/ros2_workspaces/rcup_simul/src/rcup_simulations/install/rcup_simulations/share/ament_index
[0.541s] creating /home/sanjay/ros2_workspaces/rcup_simul/src/rcup_simulations/install/rcup_simulations/share/ament_index/resource_index
[0.541s] creating /home/sanjay/ros2_workspaces/rcup_simul/src/rcup_simulations/install/rcup_simulations/share/ament_index/resource_index/packages
[0.541s] copying resource/rcup_simulations -> /home/sanjay/ros2_workspaces/rcup_simul/src/rcup_simulations/install/rcup_simulations/share/ament_index/resource_index/packages
[0.541s] copying package.xml -> /home/sanjay/ros2_workspaces/rcup_simul/src/rcup_simulations/install/rcup_simulations/share/rcup_simulations
[0.541s] creating /home/sanjay/ros2_workspaces/rcup_simul/src/rcup_simulations/install/rcup_simulations/share/rcup_simulations/launch
[0.541s] copying launch/localisation_amcl.launch.py -> /home/sanjay/ros2_workspaces/rcup_simul/src/rcup_simulations/install/rcup_simulations/share/rcup_simulations/launch
[0.541s] copying launch/nav2.launch.py -> /home/sanjay/ros2_workspaces/rcup_simul/src/rcup_simulations/install/rcup_simulations/share/rcup_simulations/launch
[0.541s] copying launch/test.launch.py -> /home/sanjay/ros2_workspaces/rcup_simul/src/rcup_simulations/install/rcup_simulations/share/rcup_simulations/launch
[0.541s] copying launch/gazebo.launch.py -> /home/sanjay/ros2_workspaces/rcup_simul/src/rcup_simulations/install/rcup_simulations/share/rcup_simulations/launch
[0.541s] copying launch/slam.launch.py -> /home/sanjay/ros2_workspaces/rcup_simul/src/rcup_simulations/install/rcup_simulations/share/rcup_simulations/launch
[0.541s] copying launch/rviz.launch.py -> /home/sanjay/ros2_workspaces/rcup_simul/src/rcup_simulations/install/rcup_simulations/share/rcup_simulations/launch
[0.541s] creating /home/sanjay/ros2_workspaces/rcup_simul/src/rcup_simulations/install/rcup_simulations/share/rcup_simulations/urdf
[0.541s] copying urdf/ArmPlate.urdf -> /home/sanjay/ros2_workspaces/rcup_simul/src/rcup_simulations/install/rcup_simulations/share/rcup_simulations/urdf
[0.541s] creating /home/sanjay/ros2_workspaces/rcup_simul/src/rcup_simulations/install/rcup_simulations/share/rcup_simulations/meshes
[0.541s] copying meshes/LIDAR_1-v1.stl -> /home/sanjay/ros2_workspaces/rcup_simul/src/rcup_simulations/install/rcup_simulations/share/rcup_simulations/meshes
[0.542s] copying meshes/AX_12A_03_1.stl -> /home/sanjay/ros2_workspaces/rcup_simul/src/rcup_simulations/install/rcup_simulations/share/rcup_simulations/meshes
[0.542s] copying meshes/LIDAR_2-v1.stl -> /home/sanjay/ros2_workspaces/rcup_simul/src/rcup_simulations/install/rcup_simulations/share/rcup_simulations/meshes
[0.542s] copying meshes/Component6.stl -> /home/sanjay/ros2_workspaces/rcup_simul/src/rcup_simulations/install/rcup_simulations/share/rcup_simulations/meshes
[0.542s] copying meshes/ZED2i-v1.stl -> /home/sanjay/ros2_workspaces/rcup_simul/src/rcup_simulations/install/rcup_simulations/share/rcup_simulations/meshes
[0.543s] copying meshes/AX_12A_02_4.stl -> /home/sanjay/ros2_workspaces/rcup_simul/src/rcup_simulations/install/rcup_simulations/share/rcup_simulations/meshes
[0.543s] copying meshes/Component12.stl -> /home/sanjay/ros2_workspaces/rcup_simul/src/rcup_simulations/install/rcup_simulations/share/rcup_simulations/meshes
[0.543s] copying meshes/link24.stl -> /home/sanjay/ros2_workspaces/rcup_simul/src/rcup_simulations/install/rcup_simulations/share/rcup_simulations/meshes
[0.543s] copying meshes/Component1_1.stl -> /home/sanjay/ros2_workspaces/rcup_simul/src/rcup_simulations/install/rcup_simulations/share/rcup_simulations/meshes
[0.543s] copying meshes/STEPPER_MOTOR.stl -> /home/sanjay/ros2_workspaces/rcup_simul/src/rcup_simulations/install/rcup_simulations/share/rcup_simulations/meshes
[0.543s] copying meshes/Wheel_motor_2.stl -> /home/sanjay/ros2_workspaces/rcup_simul/src/rcup_simulations/install/rcup_simulations/share/rcup_simulations/meshes
[0.543s] copying meshes/Nema34_bracket.stl -> /home/sanjay/ros2_workspaces/rcup_simul/src/rcup_simulations/install/rcup_simulations/share/rcup_simulations/meshes
[0.544s] copying meshes/Wheel_motor_3.stl -> /home/sanjay/ros2_workspaces/rcup_simul/src/rcup_simulations/install/rcup_simulations/share/rcup_simulations/meshes
[0.544s] copying meshes/AX_12A_01_4.stl -> /home/sanjay/ros2_workspaces/rcup_simul/src/rcup_simulations/install/rcup_simulations/share/rcup_simulations/meshes
[0.544s] copying meshes/Component56.stl -> /home/sanjay/ros2_workspaces/rcup_simul/src/rcup_simulations/install/rcup_simulations/share/rcup_simulations/meshes
[0.544s] copying meshes/lidarmount-v1.stl -> /home/sanjay/ros2_workspaces/rcup_simul/src/rcup_simulations/install/rcup_simulations/share/rcup_simulations/meshes
[0.544s] copying meshes/AX_12A_01_1.stl -> /home/sanjay/ros2_workspaces/rcup_simul/src/rcup_simulations/install/rcup_simulations/share/rcup_simulations/meshes
[0.544s] copying meshes/AX_12A_04_1.stl -> /home/sanjay/ros2_workspaces/rcup_simul/src/rcup_simulations/install/rcup_simulations/share/rcup_simulations/meshes
[0.544s] copying meshes/AX_12A_02_2.stl -> /home/sanjay/ros2_workspaces/rcup_simul/src/rcup_simulations/install/rcup_simulations/share/rcup_simulations/meshes
[0.544s] copying meshes/Wheel_motor_1.stl -> /home/sanjay/ros2_workspaces/rcup_simul/src/rcup_simulations/install/rcup_simulations/share/rcup_simulations/meshes
[0.544s] copying meshes/Component2.stl -> /home/sanjay/ros2_workspaces/rcup_simul/src/rcup_simulations/install/rcup_simulations/share/rcup_simulations/meshes
[0.545s] copying meshes/Component53.stl -> /home/sanjay/ros2_workspaces/rcup_simul/src/rcup_simulations/install/rcup_simulations/share/rcup_simulations/meshes
[0.545s] copying meshes/AX_12A_01_2.stl -> /home/sanjay/ros2_workspaces/rcup_simul/src/rcup_simulations/install/rcup_simulations/share/rcup_simulations/meshes
[0.545s] copying meshes/Component5.stl -> /home/sanjay/ros2_workspaces/rcup_simul/src/rcup_simulations/install/rcup_simulations/share/rcup_simulations/meshes
[0.545s] copying meshes/AX_12A_04_2.stl -> /home/sanjay/ros2_workspaces/rcup_simul/src/rcup_simulations/install/rcup_simulations/share/rcup_simulations/meshes
[0.545s] copying meshes/Component20.stl -> /home/sanjay/ros2_workspaces/rcup_simul/src/rcup_simulations/install/rcup_simulations/share/rcup_simulations/meshes
[0.545s] copying meshes/AX_12A_01_3.stl -> /home/sanjay/ros2_workspaces/rcup_simul/src/rcup_simulations/install/rcup_simulations/share/rcup_simulations/meshes
[0.545s] copying meshes/soft_finger_2.stl -> /home/sanjay/ros2_workspaces/rcup_simul/src/rcup_simulations/install/rcup_simulations/share/rcup_simulations/meshes
[0.545s] copying meshes/link23.stl -> /home/sanjay/ros2_workspaces/rcup_simul/src/rcup_simulations/install/rcup_simulations/share/rcup_simulations/meshes
[0.545s] copying meshes/AX_12A_04_4.stl -> /home/sanjay/ros2_workspaces/rcup_simul/src/rcup_simulations/install/rcup_simulations/share/rcup_simulations/meshes
[0.546s] copying meshes/Soft_finger_1.stl -> /home/sanjay/ros2_workspaces/rcup_simul/src/rcup_simulations/install/rcup_simulations/share/rcup_simulations/meshes
[0.546s] copying meshes/Spur_Gear_motor.stl -> /home/sanjay/ros2_workspaces/rcup_simul/src/rcup_simulations/install/rcup_simulations/share/rcup_simulations/meshes
[0.546s] copying meshes/AX_12A_03_4.stl -> /home/sanjay/ros2_workspaces/rcup_simul/src/rcup_simulations/install/rcup_simulations/share/rcup_simulations/meshes
[0.546s] copying meshes/Base_link.stl -> /home/sanjay/ros2_workspaces/rcup_simul/src/rcup_simulations/install/rcup_simulations/share/rcup_simulations/meshes
[0.546s] copying meshes/AX_12A_03_2.stl -> /home/sanjay/ros2_workspaces/rcup_simul/src/rcup_simulations/install/rcup_simulations/share/rcup_simulations/meshes
[0.546s] copying meshes/Component7.stl -> /home/sanjay/ros2_workspaces/rcup_simul/src/rcup_simulations/install/rcup_simulations/share/rcup_simulations/meshes
[0.546s] copying meshes/AX_12A_02_3.stl -> /home/sanjay/ros2_workspaces/rcup_simul/src/rcup_simulations/install/rcup_simulations/share/rcup_simulations/meshes
[0.546s] copying meshes/AX_12A_03_3.stl -> /home/sanjay/ros2_workspaces/rcup_simul/src/rcup_simulations/install/rcup_simulations/share/rcup_simulations/meshes
[0.546s] copying meshes/Nema_34_v3.stl -> /home/sanjay/ros2_workspaces/rcup_simul/src/rcup_simulations/install/rcup_simulations/share/rcup_simulations/meshes
[0.547s] copying meshes/AX_12A_02_1.stl -> /home/sanjay/ros2_workspaces/rcup_simul/src/rcup_simulations/install/rcup_simulations/share/rcup_simulations/meshes
[0.547s] copying meshes/base_final-v3.stl -> /home/sanjay/ros2_workspaces/rcup_simul/src/rcup_simulations/install/rcup_simulations/share/rcup_simulations/meshes
[0.547s] copying meshes/Universal_hub.stl -> /home/sanjay/ros2_workspaces/rcup_simul/src/rcup_simulations/install/rcup_simulations/share/rcup_simulations/meshes
[0.547s] copying meshes/firstDOF_final.stl -> /home/sanjay/ros2_workspaces/rcup_simul/src/rcup_simulations/install/rcup_simulations/share/rcup_simulations/meshes
[0.547s] copying meshes/Coupler_meccanum_V2.stl -> /home/sanjay/ros2_workspaces/rcup_simul/src/rcup_simulations/install/rcup_simulations/share/rcup_simulations/meshes
[0.547s] copying meshes/gcomp1.stl -> /home/sanjay/ros2_workspaces/rcup_simul/src/rcup_simulations/install/rcup_simulations/share/rcup_simulations/meshes
[0.548s] copying meshes/Wheel_motor_4.stl -> /home/sanjay/ros2_workspaces/rcup_simul/src/rcup_simulations/install/rcup_simulations/share/rcup_simulations/meshes
[0.548s] copying meshes/Spur_Gear_driven.stl -> /home/sanjay/ros2_workspaces/rcup_simul/src/rcup_simulations/install/rcup_simulations/share/rcup_simulations/meshes
[0.548s] copying meshes/Component55.stl -> /home/sanjay/ros2_workspaces/rcup_simul/src/rcup_simulations/install/rcup_simulations/share/rcup_simulations/meshes
[0.548s] copying meshes/AX_12A_04_3.stl -> /home/sanjay/ros2_workspaces/rcup_simul/src/rcup_simulations/install/rcup_simulations/share/rcup_simulations/meshes
[0.548s] copying meshes/Component54.stl -> /home/sanjay/ros2_workspaces/rcup_simul/src/rcup_simulations/install/rcup_simulations/share/rcup_simulations/meshes
[0.548s] creating /home/sanjay/ros2_workspaces/rcup_simul/src/rcup_simulations/install/rcup_simulations/share/rcup_simulations/config
[0.548s] copying config/slam_rviz_config.rviz -> /home/sanjay/ros2_workspaces/rcup_simul/src/rcup_simulations/install/rcup_simulations/share/rcup_simulations/config
[0.548s] copying config/mecanum_controllers.yaml -> /home/sanjay/ros2_workspaces/rcup_simul/src/rcup_simulations/install/rcup_simulations/share/rcup_simulations/config
[0.548s] copying config/mapper_params_online_async.yaml -> /home/sanjay/ros2_workspaces/rcup_simul/src/rcup_simulations/install/rcup_simulations/share/rcup_simulations/config
[0.548s] copying config/nav2_rviz_config.rviz -> /home/sanjay/ros2_workspaces/rcup_simul/src/rcup_simulations/install/rcup_simulations/share/rcup_simulations/config
[0.548s] copying config/nav2_params.yaml -> /home/sanjay/ros2_workspaces/rcup_simul/src/rcup_simulations/install/rcup_simulations/share/rcup_simulations/config
[0.548s] copying config/diff_drive_controllers.yaml -> /home/sanjay/ros2_workspaces/rcup_simul/src/rcup_simulations/install/rcup_simulations/share/rcup_simulations/config
[0.548s] copying config/im_so_doneee.rviz -> /home/sanjay/ros2_workspaces/rcup_simul/src/rcup_simulations/install/rcup_simulations/share/rcup_simulations/config
[0.548s] copying config/localisation_rviz_config.rviz -> /home/sanjay/ros2_workspaces/rcup_simul/src/rcup_simulations/install/rcup_simulations/share/rcup_simulations/config
[0.548s] creating /home/sanjay/ros2_workspaces/rcup_simul/src/rcup_simulations/install/rcup_simulations/share/rcup_simulations/worlds
[0.548s] copying worlds/turtlebot3_dqn_stage4.world -> /home/sanjay/ros2_workspaces/rcup_simul/src/rcup_simulations/install/rcup_simulations/share/rcup_simulations/worlds
[0.549s] copying worlds/turtlebot3_dqn_stage3.world -> /home/sanjay/ros2_workspaces/rcup_simul/src/rcup_simulations/install/rcup_simulations/share/rcup_simulations/worlds
[0.549s] copying worlds/empty_world.world -> /home/sanjay/ros2_workspaces/rcup_simul/src/rcup_simulations/install/rcup_simulations/share/rcup_simulations/worlds
[0.549s] copying worlds/turtlebot3_world.world -> /home/sanjay/ros2_workspaces/rcup_simul/src/rcup_simulations/install/rcup_simulations/share/rcup_simulations/worlds
[0.549s] copying worlds/turtlebot3_dqn_stage1.world -> /home/sanjay/ros2_workspaces/rcup_simul/src/rcup_simulations/install/rcup_simulations/share/rcup_simulations/worlds
[0.549s] copying worlds/rcup_custom_arena_fixed_table.world -> /home/sanjay/ros2_workspaces/rcup_simul/src/rcup_simulations/install/rcup_simulations/share/rcup_simulations/worlds
[0.549s] copying worlds/turtlebot3_house.world -> /home/sanjay/ros2_workspaces/rcup_simul/src/rcup_simulations/install/rcup_simulations/share/rcup_simulations/worlds
[0.549s] copying worlds/turtlebot3_dqn_stage2.world -> /home/sanjay/ros2_workspaces/rcup_simul/src/rcup_simulations/install/rcup_simulations/share/rcup_simulations/worlds
[0.549s] copying worlds/turtlebot3_autorace_2020.world -> /home/sanjay/ros2_workspaces/rcup_simul/src/rcup_simulations/install/rcup_simulations/share/rcup_simulations/worlds
[0.549s] creating /home/sanjay/ros2_workspaces/rcup_simul/src/rcup_simulations/install/rcup_simulations/share/rcup_simulations/textures
[0.549s] running install_egg_info
[0.551s] Copying build/rcup_simulations/rcup_simulations.egg-info to /home/sanjay/ros2_workspaces/rcup_simul/src/rcup_simulations/install/rcup_simulations/lib/python3.10/site-packages/rcup_simulations-0.0.0-py3.10.egg-info
[0.552s] running install_scripts
[0.569s] writing list of installed files to '/home/sanjay/ros2_workspaces/rcup_simul/src/rcup_simulations/build/rcup_simulations/install.log'
[0.584s] Invoked command in '/home/sanjay/ros2_workspaces/rcup_simul/src/rcup_simulations' returned '0': PYTHONPATH=/home/sanjay/ros2_workspaces/rcup_simul/src/rcup_simulations/build/rcup_simulations/prefix_override:/usr/lib/python3/dist-packages/colcon_core/task/python/colcon_distutils_commands:/home/sanjay/ros2_workspaces/rcup_simul/src/rcup_simulations/install/rcup_simulations/lib/python3.10/site-packages:${PYTHONPATH} /usr/bin/python3 -W ignore:setup.py install is deprecated -W ignore:easy_install command is deprecated setup.py egg_info --egg-base build/rcup_simulations build --build-base /home/sanjay/ros2_workspaces/rcup_simul/src/rcup_simulations/build/rcup_simulations/build install --record /home/sanjay/ros2_workspaces/rcup_simul/src/rcup_simulations/build/rcup_simulations/install.log --single-version-externally-managed install_data
