/home/sanjay/ros2_workspaces/rcup_simul/src/rcup_simulations/install/rcup_simulations/lib/python3.10/site-packages/rcup_simulations/__init__.py
/home/sanjay/ros2_workspaces/rcup_simul/src/rcup_simulations/install/rcup_simulations/lib/python3.10/site-packages/rcup_simulations/__pycache__/__init__.cpython-310.pyc
/home/sanjay/ros2_workspaces/rcup_simul/src/rcup_simulations/install/rcup_simulations/share/ament_index/resource_index/packages/rcup_simulations
/home/sanjay/ros2_workspaces/rcup_simul/src/rcup_simulations/install/rcup_simulations/share/rcup_simulations/package.xml
/home/sanjay/ros2_workspaces/rcup_simul/src/rcup_simulations/install/rcup_simulations/share/rcup_simulations/launch/localisation_amcl.launch.py
/home/sanjay/ros2_workspaces/rcup_simul/src/rcup_simulations/install/rcup_simulations/share/rcup_simulations/launch/nav2.launch.py
/home/sanjay/ros2_workspaces/rcup_simul/src/rcup_simulations/install/rcup_simulations/share/rcup_simulations/launch/test.launch.py
/home/sanjay/ros2_workspaces/rcup_simul/src/rcup_simulations/install/rcup_simulations/share/rcup_simulations/launch/gazebo.launch.py
/home/sanjay/ros2_workspaces/rcup_simul/src/rcup_simulations/install/rcup_simulations/share/rcup_simulations/launch/slam.launch.py
/home/sanjay/ros2_workspaces/rcup_simul/src/rcup_simulations/install/rcup_simulations/share/rcup_simulations/launch/rviz.launch.py
/home/sanjay/ros2_workspaces/rcup_simul/src/rcup_simulations/install/rcup_simulations/share/rcup_simulations/urdf/ArmPlate.urdf
/home/sanjay/ros2_workspaces/rcup_simul/src/rcup_simulations/install/rcup_simulations/share/rcup_simulations/meshes/LIDAR_1-v1.stl
/home/sanjay/ros2_workspaces/rcup_simul/src/rcup_simulations/install/rcup_simulations/share/rcup_simulations/meshes/AX_12A_03_1.stl
/home/sanjay/ros2_workspaces/rcup_simul/src/rcup_simulations/install/rcup_simulations/share/rcup_simulations/meshes/LIDAR_2-v1.stl
/home/sanjay/ros2_workspaces/rcup_simul/src/rcup_simulations/install/rcup_simulations/share/rcup_simulations/meshes/Component6.stl
/home/sanjay/ros2_workspaces/rcup_simul/src/rcup_simulations/install/rcup_simulations/share/rcup_simulations/meshes/ZED2i-v1.stl
/home/sanjay/ros2_workspaces/rcup_simul/src/rcup_simulations/install/rcup_simulations/share/rcup_simulations/meshes/AX_12A_02_4.stl
/home/sanjay/ros2_workspaces/rcup_simul/src/rcup_simulations/install/rcup_simulations/share/rcup_simulations/meshes/Component12.stl
/home/sanjay/ros2_workspaces/rcup_simul/src/rcup_simulations/install/rcup_simulations/share/rcup_simulations/meshes/link24.stl
/home/sanjay/ros2_workspaces/rcup_simul/src/rcup_simulations/install/rcup_simulations/share/rcup_simulations/meshes/Component1_1.stl
/home/sanjay/ros2_workspaces/rcup_simul/src/rcup_simulations/install/rcup_simulations/share/rcup_simulations/meshes/STEPPER_MOTOR.stl
/home/sanjay/ros2_workspaces/rcup_simul/src/rcup_simulations/install/rcup_simulations/share/rcup_simulations/meshes/Wheel_motor_2.stl
/home/sanjay/ros2_workspaces/rcup_simul/src/rcup_simulations/install/rcup_simulations/share/rcup_simulations/meshes/Nema34_bracket.stl
/home/sanjay/ros2_workspaces/rcup_simul/src/rcup_simulations/install/rcup_simulations/share/rcup_simulations/meshes/Wheel_motor_3.stl
/home/sanjay/ros2_workspaces/rcup_simul/src/rcup_simulations/install/rcup_simulations/share/rcup_simulations/meshes/AX_12A_01_4.stl
/home/sanjay/ros2_workspaces/rcup_simul/src/rcup_simulations/install/rcup_simulations/share/rcup_simulations/meshes/Component56.stl
/home/sanjay/ros2_workspaces/rcup_simul/src/rcup_simulations/install/rcup_simulations/share/rcup_simulations/meshes/lidarmount-v1.stl
/home/sanjay/ros2_workspaces/rcup_simul/src/rcup_simulations/install/rcup_simulations/share/rcup_simulations/meshes/AX_12A_01_1.stl
/home/sanjay/ros2_workspaces/rcup_simul/src/rcup_simulations/install/rcup_simulations/share/rcup_simulations/meshes/AX_12A_04_1.stl
/home/sanjay/ros2_workspaces/rcup_simul/src/rcup_simulations/install/rcup_simulations/share/rcup_simulations/meshes/AX_12A_02_2.stl
/home/sanjay/ros2_workspaces/rcup_simul/src/rcup_simulations/install/rcup_simulations/share/rcup_simulations/meshes/Wheel_motor_1.stl
/home/sanjay/ros2_workspaces/rcup_simul/src/rcup_simulations/install/rcup_simulations/share/rcup_simulations/meshes/Component2.stl
/home/sanjay/ros2_workspaces/rcup_simul/src/rcup_simulations/install/rcup_simulations/share/rcup_simulations/meshes/Component53.stl
/home/sanjay/ros2_workspaces/rcup_simul/src/rcup_simulations/install/rcup_simulations/share/rcup_simulations/meshes/AX_12A_01_2.stl
/home/sanjay/ros2_workspaces/rcup_simul/src/rcup_simulations/install/rcup_simulations/share/rcup_simulations/meshes/Component5.stl
/home/sanjay/ros2_workspaces/rcup_simul/src/rcup_simulations/install/rcup_simulations/share/rcup_simulations/meshes/AX_12A_04_2.stl
/home/sanjay/ros2_workspaces/rcup_simul/src/rcup_simulations/install/rcup_simulations/share/rcup_simulations/meshes/Component20.stl
/home/sanjay/ros2_workspaces/rcup_simul/src/rcup_simulations/install/rcup_simulations/share/rcup_simulations/meshes/AX_12A_01_3.stl
/home/sanjay/ros2_workspaces/rcup_simul/src/rcup_simulations/install/rcup_simulations/share/rcup_simulations/meshes/soft_finger_2.stl
/home/sanjay/ros2_workspaces/rcup_simul/src/rcup_simulations/install/rcup_simulations/share/rcup_simulations/meshes/link23.stl
/home/sanjay/ros2_workspaces/rcup_simul/src/rcup_simulations/install/rcup_simulations/share/rcup_simulations/meshes/AX_12A_04_4.stl
/home/sanjay/ros2_workspaces/rcup_simul/src/rcup_simulations/install/rcup_simulations/share/rcup_simulations/meshes/Soft_finger_1.stl
/home/sanjay/ros2_workspaces/rcup_simul/src/rcup_simulations/install/rcup_simulations/share/rcup_simulations/meshes/Spur_Gear_motor.stl
/home/sanjay/ros2_workspaces/rcup_simul/src/rcup_simulations/install/rcup_simulations/share/rcup_simulations/meshes/AX_12A_03_4.stl
/home/sanjay/ros2_workspaces/rcup_simul/src/rcup_simulations/install/rcup_simulations/share/rcup_simulations/meshes/Base_link.stl
/home/sanjay/ros2_workspaces/rcup_simul/src/rcup_simulations/install/rcup_simulations/share/rcup_simulations/meshes/AX_12A_03_2.stl
/home/sanjay/ros2_workspaces/rcup_simul/src/rcup_simulations/install/rcup_simulations/share/rcup_simulations/meshes/Component7.stl
/home/sanjay/ros2_workspaces/rcup_simul/src/rcup_simulations/install/rcup_simulations/share/rcup_simulations/meshes/AX_12A_02_3.stl
/home/sanjay/ros2_workspaces/rcup_simul/src/rcup_simulations/install/rcup_simulations/share/rcup_simulations/meshes/AX_12A_03_3.stl
/home/sanjay/ros2_workspaces/rcup_simul/src/rcup_simulations/install/rcup_simulations/share/rcup_simulations/meshes/Nema_34_v3.stl
/home/sanjay/ros2_workspaces/rcup_simul/src/rcup_simulations/install/rcup_simulations/share/rcup_simulations/meshes/AX_12A_02_1.stl
/home/sanjay/ros2_workspaces/rcup_simul/src/rcup_simulations/install/rcup_simulations/share/rcup_simulations/meshes/base_final-v3.stl
/home/sanjay/ros2_workspaces/rcup_simul/src/rcup_simulations/install/rcup_simulations/share/rcup_simulations/meshes/Universal_hub.stl
/home/sanjay/ros2_workspaces/rcup_simul/src/rcup_simulations/install/rcup_simulations/share/rcup_simulations/meshes/firstDOF_final.stl
/home/sanjay/ros2_workspaces/rcup_simul/src/rcup_simulations/install/rcup_simulations/share/rcup_simulations/meshes/Coupler_meccanum_V2.stl
/home/sanjay/ros2_workspaces/rcup_simul/src/rcup_simulations/install/rcup_simulations/share/rcup_simulations/meshes/gcomp1.stl
/home/sanjay/ros2_workspaces/rcup_simul/src/rcup_simulations/install/rcup_simulations/share/rcup_simulations/meshes/Wheel_motor_4.stl
/home/sanjay/ros2_workspaces/rcup_simul/src/rcup_simulations/install/rcup_simulations/share/rcup_simulations/meshes/Spur_Gear_driven.stl
/home/sanjay/ros2_workspaces/rcup_simul/src/rcup_simulations/install/rcup_simulations/share/rcup_simulations/meshes/Component55.stl
/home/sanjay/ros2_workspaces/rcup_simul/src/rcup_simulations/install/rcup_simulations/share/rcup_simulations/meshes/AX_12A_04_3.stl
/home/sanjay/ros2_workspaces/rcup_simul/src/rcup_simulations/install/rcup_simulations/share/rcup_simulations/meshes/Component54.stl
/home/sanjay/ros2_workspaces/rcup_simul/src/rcup_simulations/install/rcup_simulations/share/rcup_simulations/config/slam_rviz_config.rviz
/home/sanjay/ros2_workspaces/rcup_simul/src/rcup_simulations/install/rcup_simulations/share/rcup_simulations/config/mecanum_controllers.yaml
/home/sanjay/ros2_workspaces/rcup_simul/src/rcup_simulations/install/rcup_simulations/share/rcup_simulations/config/mapper_params_online_async.yaml
/home/sanjay/ros2_workspaces/rcup_simul/src/rcup_simulations/install/rcup_simulations/share/rcup_simulations/config/nav2_rviz_config.rviz
/home/sanjay/ros2_workspaces/rcup_simul/src/rcup_simulations/install/rcup_simulations/share/rcup_simulations/config/nav2_params.yaml
/home/sanjay/ros2_workspaces/rcup_simul/src/rcup_simulations/install/rcup_simulations/share/rcup_simulations/config/diff_drive_controllers.yaml
/home/sanjay/ros2_workspaces/rcup_simul/src/rcup_simulations/install/rcup_simulations/share/rcup_simulations/config/im_so_doneee.rviz
/home/sanjay/ros2_workspaces/rcup_simul/src/rcup_simulations/install/rcup_simulations/share/rcup_simulations/config/localisation_rviz_config.rviz
/home/sanjay/ros2_workspaces/rcup_simul/src/rcup_simulations/install/rcup_simulations/share/rcup_simulations/worlds/turtlebot3_dqn_stage4.world
/home/sanjay/ros2_workspaces/rcup_simul/src/rcup_simulations/install/rcup_simulations/share/rcup_simulations/worlds/turtlebot3_dqn_stage3.world
/home/sanjay/ros2_workspaces/rcup_simul/src/rcup_simulations/install/rcup_simulations/share/rcup_simulations/worlds/empty_world.world
/home/sanjay/ros2_workspaces/rcup_simul/src/rcup_simulations/install/rcup_simulations/share/rcup_simulations/worlds/turtlebot3_world.world
/home/sanjay/ros2_workspaces/rcup_simul/src/rcup_simulations/install/rcup_simulations/share/rcup_simulations/worlds/turtlebot3_dqn_stage1.world
/home/sanjay/ros2_workspaces/rcup_simul/src/rcup_simulations/install/rcup_simulations/share/rcup_simulations/worlds/rcup_custom_arena_fixed_table.world
/home/sanjay/ros2_workspaces/rcup_simul/src/rcup_simulations/install/rcup_simulations/share/rcup_simulations/worlds/turtlebot3_house.world
/home/sanjay/ros2_workspaces/rcup_simul/src/rcup_simulations/install/rcup_simulations/share/rcup_simulations/worlds/turtlebot3_dqn_stage2.world
/home/sanjay/ros2_workspaces/rcup_simul/src/rcup_simulations/install/rcup_simulations/share/rcup_simulations/worlds/turtlebot3_autorace_2020.world
/home/sanjay/ros2_workspaces/rcup_simul/src/rcup_simulations/install/rcup_simulations/share/rcup_simulations/textures
/home/sanjay/ros2_workspaces/rcup_simul/src/rcup_simulations/install/rcup_simulations/lib/python3.10/site-packages/rcup_simulations-0.0.0-py3.10.egg-info/PKG-INFO
/home/sanjay/ros2_workspaces/rcup_simul/src/rcup_simulations/install/rcup_simulations/lib/python3.10/site-packages/rcup_simulations-0.0.0-py3.10.egg-info/zip-safe
/home/sanjay/ros2_workspaces/rcup_simul/src/rcup_simulations/install/rcup_simulations/lib/python3.10/site-packages/rcup_simulations-0.0.0-py3.10.egg-info/dependency_links.txt
/home/sanjay/ros2_workspaces/rcup_simul/src/rcup_simulations/install/rcup_simulations/lib/python3.10/site-packages/rcup_simulations-0.0.0-py3.10.egg-info/requires.txt
/home/sanjay/ros2_workspaces/rcup_simul/src/rcup_simulations/install/rcup_simulations/lib/python3.10/site-packages/rcup_simulations-0.0.0-py3.10.egg-info/entry_points.txt
/home/sanjay/ros2_workspaces/rcup_simul/src/rcup_simulations/install/rcup_simulations/lib/python3.10/site-packages/rcup_simulations-0.0.0-py3.10.egg-info/top_level.txt
/home/sanjay/ros2_workspaces/rcup_simul/src/rcup_simulations/install/rcup_simulations/lib/python3.10/site-packages/rcup_simulations-0.0.0-py3.10.egg-info/SOURCES.txt
